#
# A fatal error has been detected by the Java Runtime Environment:
#
#  EXCEPTION_ACCESS_VIOLATION (0xc0000005) at pc=0x000000006745ee75, pid=17440, tid=0x00000000000043d0
#
# JRE version: Java(TM) SE Runtime Environment (8.0_161-b12) (build 1.8.0_161-b12)
# Java VM: Java HotSpot(TM) 64-Bit Server VM (25.161-b12 mixed mode windows-amd64 compressed oops)
# Problematic frame:
# V  [jvm.dll+0x13ee75]
#
# Failed to write core dump. Minidumps are not enabled by default on client versions of Windows
#
# If you would like to submit a bug report, please visit:
#   http://bugreport.java.com/bugreport/crash.jsp
#

---------------  T H R E A D  ---------------

Current thread (0x00000000046fe800):  JavaThread "main" [_thread_in_vm, id=17360, stack(0x0000000004700000,0x0000000004800000)]

siginfo: ExceptionCode=0xc0000005, reading address 0x0000000000000000

Registers:
RAX=0x0000000000000000, RBX=0x00000000046fe800, RCX=0x0000000000000e80, RDX=0x0000000000000000
RSP=0x00000000047fea50, RBP=0x00000000047fec98, RSI=0x00000000046fe9f8, RDI=0x0000000000000000
R8 =0xffffffff992be650, R9 =0x0000000066d419df, R10=0x000000000000002f, R11=0x000000000000002f
R12=0x00000000047feca0, R13=0x0000000000000000, R14=0x0000000000000000, R15=0x0000000000000000
RIP=0x000000006745ee75, EFLAGS=0x0000000000010202

Top of Stack: (sp=0x00000000047fea50)
0x00000000047fea50:   0000000066d419b0 00000000046fe800
0x00000000047fea60:   00000000047fec98 0000000000000000
0x00000000047fea70:   00000000046fe800 0000000000000000
0x00000000047fea80:   0000000000000000 0000000066d44be0
0x00000000047fea90:   0000000019619fa0 0000000066d44c57
0x00000000047feaa0:   00000000046fe9f8 00000000047fec98
0x00000000047feab0:   0000000000000000 00000000046f7ab0
0x00000000047feac0:   00000000190cc1f0 00000000047feca0
0x00000000047fead0:   00000000046fe2a0 00000000673db936
0x00000000047feae0:   00000000047ff938 0000000004802090
0x00000000047feaf0:   00000000000003d8 00000000048020a0
0x00000000047feb00:   0000000000000000 0000000000000000
0x00000000047feb10:   0000000000000000 0000000000000000
0x00000000047feb20:   0000000000000000 0000000004918ad7
0x00000000047feb30:   00000000046fe800 00000000047feca0
0x00000000047feb40:   00000000190cc1f0 0000000000000000 

Instructions: (pc=0x000000006745ee75)
0x000000006745ee55:   89 5c 24 20 48 c7 44 24 28 00 00 00 00 74 0a 48
0x000000006745ee65:   8d 4c 24 20 e8 42 d1 13 00 80 3d 6c 16 6d 00 00
0x000000006745ee75:   48 8b 17 74 15 8b 52 08 8b 0d 25 49 66 00 48 d3
0x000000006745ee85:   e2 48 03 15 13 49 66 00 eb 04 48 8b 52 08 48 8b 


Register to memory mapping:

RAX=0x0000000000000000 is an unknown value
RBX=0x00000000046fe800 is a thread
RCX=0x0000000000000e80 is an unknown value
RDX=0x0000000000000000 is an unknown value
RSP=0x00000000047fea50 is pointing into the stack for thread: 0x00000000046fe800
RBP=0x00000000047fec98 is pointing into the stack for thread: 0x00000000046fe800
RSI=0x00000000046fe9f8 is an unknown value
RDI=0x0000000000000000 is an unknown value
R8 =0xffffffff992be650 is an unknown value
R9 =0x0000000066d419df is an unknown value
R10=0x000000000000002f is an unknown value
R11=0x000000000000002f is an unknown value
R12=0x00000000047feca0 is pointing into the stack for thread: 0x00000000046fe800
R13=0x0000000000000000 is an unknown value
R14=0x0000000000000000 is an unknown value
R15=0x0000000000000000 is an unknown value


Stack: [0x0000000004700000,0x0000000004800000],  sp=0x00000000047fea50,  free space=1018k
Native frames: (J=compiled Java code, j=interpreted, Vv=VM code, C=native code)
V  [jvm.dll+0x13ee75]
C  [sqljdbc_auth.dll+0x4c57]
C  0x0000000004918c67

Java frames: (J=compiled Java code, j=interpreted, Vv=VM code)
j  com.microsoft.sqlserver.jdbc.AuthenticationJNI.SNISecGenClientContext([B[I[BI[B[I[ZLjava/lang/String;ILjava/lang/String;Ljava/lang/String;Ljava/util/logging/Logger;)I+0
j  com.microsoft.sqlserver.jdbc.AuthenticationJNI.GenerateClientContext([B[Z)[B+68
j  com.microsoft.sqlserver.jdbc.SQLServerConnection.sendLogon(Lcom/microsoft/sqlserver/jdbc/SQLServerConnection$LogonCommand;Lcom/microsoft/sqlserver/jdbc/SSPIAuthentication;Lcom/microsoft/sqlserver/jdbc/SQLServerConnection$FederatedAuthenticationFeatureExtensionData;)V+286
j  com.microsoft.sqlserver.jdbc.SQLServerConnection.logon(Lcom/microsoft/sqlserver/jdbc/SQLServerConnection$LogonCommand;)V+232
j  com.microsoft.sqlserver.jdbc.SQLServerConnection.access$100(Lcom/microsoft/sqlserver/jdbc/SQLServerConnection;Lcom/microsoft/sqlserver/jdbc/SQLServerConnection$LogonCommand;)V+2
j  com.microsoft.sqlserver.jdbc.SQLServerConnection$LogonCommand.doExecute()Z+5
j  com.microsoft.sqlserver.jdbc.TDSCommand.execute(Lcom/microsoft/sqlserver/jdbc/TDSWriter;Lcom/microsoft/sqlserver/jdbc/TDSReader;)Z+30
j  com.microsoft.sqlserver.jdbc.SQLServerConnection.executeCommand(Lcom/microsoft/sqlserver/jdbc/TDSCommand;)Z+45
j  com.microsoft.sqlserver.jdbc.SQLServerConnection.connectHelper(Lcom/microsoft/sqlserver/jdbc/ServerPortPlaceHolder;IIZZZI)V+260
j  com.microsoft.sqlserver.jdbc.SQLServerConnection.login(Ljava/lang/String;Ljava/lang/String;ILjava/lang/String;Lcom/microsoft/sqlserver/jdbc/FailoverInfo;IJ)V+537
j  com.microsoft.sqlserver.jdbc.SQLServerConnection.connectInternal(Ljava/util/Properties;Lcom/microsoft/sqlserver/jdbc/SQLServerPooledConnection;)Ljava/sql/Connection;+4041
j  com.microsoft.sqlserver.jdbc.SQLServerConnection.connect(Ljava/util/Properties;Lcom/microsoft/sqlserver/jdbc/SQLServerPooledConnection;)Ljava/sql/Connection;+13
j  com.microsoft.sqlserver.jdbc.SQLServerDriver.connect(Ljava/lang/String;Ljava/util/Properties;)Ljava/sql/Connection;+45
j  java.sql.DriverManager.getConnection(Ljava/lang/String;Ljava/util/Properties;Ljava/lang/Class;)Ljava/sql/Connection;+171
j  java.sql.DriverManager.getConnection(Ljava/lang/String;)Ljava/sql/Connection;+13
j  CarService.DatabaseConnectionService.connect(Ljava/lang/String;Ljava/lang/String;)Z+50
j  Main.main([Ljava/lang/String;)V+23
v  ~StubRoutines::call_stub

---------------  P R O C E S S  ---------------

Java Threads: ( => current thread )
  0x000000001b5a3800 JavaThread "Service Thread" daemon [_thread_blocked, id=12636, stack(0x000000001c1d0000,0x000000001c2d0000)]
  0x000000001b531000 JavaThread "C1 CompilerThread3" daemon [_thread_blocked, id=17560, stack(0x000000001c0d0000,0x000000001c1d0000)]
  0x000000001b52e000 JavaThread "C2 CompilerThread2" daemon [_thread_blocked, id=19476, stack(0x000000001bfd0000,0x000000001c0d0000)]
  0x000000001b50f000 JavaThread "C2 CompilerThread1" daemon [_thread_blocked, id=12788, stack(0x000000001bed0000,0x000000001bfd0000)]
  0x000000001b50a800 JavaThread "C2 CompilerThread0" daemon [_thread_blocked, id=15444, stack(0x000000001bdd0000,0x000000001bed0000)]
  0x000000001b509000 JavaThread "Attach Listener" daemon [_thread_blocked, id=20968, stack(0x000000001bcd0000,0x000000001bdd0000)]
  0x000000001b508800 JavaThread "Signal Dispatcher" daemon [_thread_blocked, id=22208, stack(0x000000001bbd0000,0x000000001bcd0000)]
  0x000000001b500800 JavaThread "Finalizer" daemon [_thread_blocked, id=21344, stack(0x000000001b8e0000,0x000000001b9e0000)]
  0x00000000048f7000 JavaThread "Reference Handler" daemon [_thread_blocked, id=6396, stack(0x000000001b3e0000,0x000000001b4e0000)]
=>0x00000000046fe800 JavaThread "main" [_thread_in_vm, id=17360, stack(0x0000000004700000,0x0000000004800000)]

Other Threads:
  0x0000000019619800 VMThread [stack: 0x000000001b2e0000,0x000000001b3e0000] [id=17448]
  0x000000001b5c5800 WatcherThread [stack: 0x000000001c2d0000,0x000000001c3d0000] [id=15404]

VM state:not at safepoint (normal execution)

VM Mutex/Monitor currently owned by a thread: None

Heap:
 PSYoungGen      total 36864K, used 24306K [0x00000000d7400000, 0x00000000d9d00000, 0x0000000100000000)
  eden space 31744K, 76% used [0x00000000d7400000,0x00000000d8bbc9d8,0x00000000d9300000)
  from space 5120K, 0% used [0x00000000d9800000,0x00000000d9800000,0x00000000d9d00000)
  to   space 5120K, 0% used [0x00000000d9300000,0x00000000d9300000,0x00000000d9800000)
 ParOldGen       total 84992K, used 0K [0x0000000085c00000, 0x000000008af00000, 0x00000000d7400000)
  object space 84992K, 0% used [0x0000000085c00000,0x0000000085c00000,0x000000008af00000)
 Metaspace       used 9343K, capacity 9518K, committed 9600K, reserved 1058816K
  class space    used 1020K, capacity 1097K, committed 1152K, reserved 1048576K

Card table byte_map: [0x0000000013cc0000,0x00000000140a0000] byte_map_base: 0x0000000013892000

Marking Bits: (ParMarkBitMap*) 0x0000000067b3f860
 Begin Bits: [0x0000000014b30000, 0x00000000169c0000)
 End Bits:   [0x00000000169c0000, 0x0000000018850000)

Polling page: 0x0000000004660000

CodeCache: size=245760Kb used=3505Kb max_used=3524Kb free=242254Kb
 bounds [0x0000000004900000, 0x0000000004c80000, 0x0000000013900000]
 total_blobs=1354 nmethods=999 adapters=268
 compilation: enabled

Compilation events (10 events):
Event: 1.219 Thread 0x000000001b531000  995       3       java.lang.String::getChars (16 bytes)
Event: 1.219 Thread 0x000000001b531000 nmethod 995 0x0000000004c6d210 code [0x0000000004c6d380, 0x0000000004c6d588]
Event: 1.228 Thread 0x000000001b52e000  996       4       sun.security.provider.SHA5::lf_sigma1 (21 bytes)
Event: 1.228 Thread 0x000000001b50f000  997       4       sun.security.provider.SHA5::lf_sigma0 (21 bytes)
Event: 1.229 Thread 0x000000001b50f000 nmethod 997 0x0000000004c730d0 code [0x0000000004c73200, 0x0000000004c73258]
Event: 1.229 Thread 0x000000001b52e000 nmethod 996 0x0000000004c6eb50 code [0x0000000004c6ec80, 0x0000000004c6ecd8]
Event: 1.229 Thread 0x000000001b50a800  998       4       java.lang.Long::reverseBytes (46 bytes)
Event: 1.229 Thread 0x000000001b50a800 nmethod 998 0x0000000004c6e910 code [0x0000000004c6ea40, 0x0000000004c6ead8]
Event: 1.230 Thread 0x000000001b531000  999       1       java.util.logging.Logger::getName (5 bytes)
Event: 1.230 Thread 0x000000001b531000 nmethod 999 0x0000000004c6e650 code [0x0000000004c6e7a0, 0x0000000004c6e8b0]

GC Heap History (0 events):
No events

Deoptimization events (10 events):
Event: 0.172 Thread 0x00000000046fe800 Uncommon trap: reason=unstable_if action=reinterpret pc=0x0000000004a24778 method=java.lang.String.hashCode()I @ 14
Event: 0.454 Thread 0x00000000046fe800 Uncommon trap: reason=class_check action=maybe_recompile pc=0x0000000004aa30c0 method=java.util.HashMap.putVal(ILjava/lang/Object;Ljava/lang/Object;ZZ)Ljava/lang/Object; @ 253
Event: 0.454 Thread 0x00000000046fe800 Uncommon trap: reason=class_check action=maybe_recompile pc=0x0000000004aa30c0 method=java.util.HashMap.putVal(ILjava/lang/Object;Ljava/lang/Object;ZZ)Ljava/lang/Object; @ 253
Event: 0.454 Thread 0x00000000046fe800 Uncommon trap: reason=class_check action=maybe_recompile pc=0x0000000004aa30c0 method=java.util.HashMap.putVal(ILjava/lang/Object;Ljava/lang/Object;ZZ)Ljava/lang/Object; @ 253
Event: 0.454 Thread 0x00000000046fe800 Uncommon trap: reason=class_check action=maybe_recompile pc=0x0000000004aa30c0 method=java.util.HashMap.putVal(ILjava/lang/Object;Ljava/lang/Object;ZZ)Ljava/lang/Object; @ 253
Event: 0.888 Thread 0x00000000046fe800 Uncommon trap: reason=class_check action=maybe_recompile pc=0x0000000004b01c5c method=java.util.regex.Pattern$BmpCharProperty.match(Ljava/util/regex/Matcher;ILjava/lang/CharSequence;)Z @ 31
Event: 0.888 Thread 0x00000000046fe800 Uncommon trap: reason=unstable_if action=reinterpret pc=0x0000000004b01bf8 method=java.util.regex.Pattern$BmpCharProperty.match(Ljava/util/regex/Matcher;ILjava/lang/CharSequence;)Z @ 5
Event: 0.892 Thread 0x00000000046fe800 Uncommon trap: reason=unstable_if action=reinterpret pc=0x0000000004a88114 method=java.math.BigInteger.addOne([IIII)I @ 55
Event: 0.991 Thread 0x00000000046fe800 Uncommon trap: reason=unstable_if action=reinterpret pc=0x0000000004aebb9c method=java.lang.CharacterDataLatin1.digit(II)I @ 82
Event: 1.074 Thread 0x00000000046fe800 Uncommon trap: reason=unstable_if action=reinterpret pc=0x0000000004ae3054 method=java.lang.CharacterDataLatin1.digit(II)I @ 82

Classes redefined (0 events):
No events

Internal exceptions (8 events):
Event: 0.072 Thread 0x00000000046fe800 Exception <a 'java/lang/NoSuchMethodError': Method sun.misc.Unsafe.defineClass(Ljava/lang/String;[BII)Ljava/lang/Class; name or signature does not match> (0x00000000d7407ca0) thrown at [C:\re\workspace\8-2-build-windows-amd64-cygwin\jdk8u161\10277\hotspot
Event: 0.072 Thread 0x00000000046fe800 Exception <a 'java/lang/NoSuchMethodError': Method sun.misc.Unsafe.prefetchRead(Ljava/lang/Object;J)V name or signature does not match> (0x00000000d7407f88) thrown at [C:\re\workspace\8-2-build-windows-amd64-cygwin\jdk8u161\10277\hotspot\src\share\vm\prim
Event: 0.193 Thread 0x00000000046fe800 Exception <a 'java/security/PrivilegedActionException'> (0x00000000d7560b28) thrown at [C:\re\workspace\8-2-build-windows-amd64-cygwin\jdk8u161\10277\hotspot\src\share\vm\prims\jvm.cpp, line 1390]
Event: 0.193 Thread 0x00000000046fe800 Exception <a 'java/security/PrivilegedActionException'> (0x00000000d7560d38) thrown at [C:\re\workspace\8-2-build-windows-amd64-cygwin\jdk8u161\10277\hotspot\src\share\vm\prims\jvm.cpp, line 1390]
Event: 0.194 Thread 0x00000000046fe800 Exception <a 'java/security/PrivilegedActionException'> (0x00000000d75649a8) thrown at [C:\re\workspace\8-2-build-windows-amd64-cygwin\jdk8u161\10277\hotspot\src\share\vm\prims\jvm.cpp, line 1390]
Event: 0.194 Thread 0x00000000046fe800 Exception <a 'java/security/PrivilegedActionException'> (0x00000000d7564bb8) thrown at [C:\re\workspace\8-2-build-windows-amd64-cygwin\jdk8u161\10277\hotspot\src\share\vm\prims\jvm.cpp, line 1390]
Event: 0.976 Thread 0x00000000046fe800 Exception <a 'java/lang/NoSuchFieldError': method resolution failed> (0x00000000d7f0dd78) thrown at [C:\re\workspace\8-2-build-windows-amd64-cygwin\jdk8u161\10277\hotspot\src\share\vm\prims\methodHandles.cpp, line 1167]
Event: 0.978 Thread 0x00000000046fe800 Exception <a 'java/lang/NoSuchFieldError': method resolution failed> (0x00000000d7f1b4b8) thrown at [C:\re\workspace\8-2-build-windows-amd64-cygwin\jdk8u161\10277\hotspot\src\share\vm\prims\methodHandles.cpp, line 1167]

Events (10 events):
Event: 1.219 loading class javax/crypto/MacSpi
Event: 1.219 loading class javax/crypto/MacSpi done
Event: 1.219 loading class sun/security/ssl/CipherBox$1
Event: 1.219 loading class sun/security/ssl/CipherBox$1 done
Event: 1.220 loading class javax/crypto/NullCipher
Event: 1.220 loading class javax/crypto/NullCipher done
Event: 1.228 loading class javax/crypto/spec/IvParameterSpec
Event: 1.228 loading class javax/crypto/spec/IvParameterSpec done
Event: 1.228 loading class java/lang/StrictMath
Event: 1.229 loading class java/lang/StrictMath done


Dynamic libraries:
0x00007ff6ee680000 - 0x00007ff6ee6b7000 	C:\Program Files\Java\jre1.8.0_161\bin\javaw.exe
0x00007ffd29ec0000 - 0x00007ffd2a0a0000 	C:\windows\SYSTEM32\ntdll.dll
0x00007ffd27690000 - 0x00007ffd2773e000 	C:\windows\System32\KERNEL32.DLL
0x00007ffd26e30000 - 0x00007ffd27096000 	C:\windows\System32\KERNELBASE.dll
0x00007ffd275e0000 - 0x00007ffd27681000 	C:\windows\System32\ADVAPI32.dll
0x00007ffd28cd0000 - 0x00007ffd28d6d000 	C:\windows\System32\msvcrt.dll
0x00007ffd27430000 - 0x00007ffd2748b000 	C:\windows\System32\sechost.dll
0x00007ffd29d60000 - 0x00007ffd29e7f000 	C:\windows\System32\RPCRT4.dll
0x00007ffd29a60000 - 0x00007ffd29bef000 	C:\windows\System32\USER32.dll
0x00007ffd262c0000 - 0x00007ffd262e0000 	C:\windows\System32\win32u.dll
0x00007ffd28e30000 - 0x00007ffd28e58000 	C:\windows\System32\GDI32.dll
0x00007ffd270a0000 - 0x00007ffd27233000 	C:\windows\System32\gdi32full.dll
0x00007ffd27240000 - 0x00007ffd272db000 	C:\windows\System32\msvcp_win.dll
0x00007ffd26c80000 - 0x00007ffd26d76000 	C:\windows\System32\ucrtbase.dll
0x00007ffd1a6c0000 - 0x00007ffd1a929000 	C:\windows\WinSxS\amd64_microsoft.windows.common-controls_6595b64144ccf1df_6.0.16299.371_none_15c7d1789365a290\COMCTL32.dll
0x00007ffd29570000 - 0x00007ffd29878000 	C:\windows\System32\combase.dll
0x00007ffd262e0000 - 0x00007ffd26352000 	C:\windows\System32\bcryptPrimitives.dll
0x00007ffd29a30000 - 0x00007ffd29a5d000 	C:\windows\System32\IMM32.DLL
0x0000000066d70000 - 0x0000000066e42000 	C:\Program Files\Java\jre1.8.0_161\bin\msvcr100.dll
0x0000000067320000 - 0x0000000067bbf000 	C:\Program Files\Java\jre1.8.0_161\bin\server\jvm.dll
0x00007ffd28ed0000 - 0x00007ffd28ed8000 	C:\windows\System32\PSAPI.DLL
0x00007ffd206d0000 - 0x00007ffd206f3000 	C:\windows\SYSTEM32\WINMM.dll
0x00007ffd0d490000 - 0x00007ffd0d499000 	C:\windows\SYSTEM32\WSOCK32.dll
0x00007ffd23f70000 - 0x00007ffd23f7a000 	C:\windows\SYSTEM32\VERSION.dll
0x00000000045f0000 - 0x000000000465c000 	C:\windows\System32\ws2_32.DLL
0x00007ffd20650000 - 0x00007ffd2067a000 	C:\windows\SYSTEM32\winmmbase.dll
0x00007ffd26de0000 - 0x00007ffd26e2a000 	C:\windows\System32\cfgmgr32.dll
0x0000000067310000 - 0x000000006731f000 	C:\Program Files\Java\jre1.8.0_161\bin\verify.dll
0x00000000672e0000 - 0x0000000067309000 	C:\Program Files\Java\jre1.8.0_161\bin\java.dll
0x00000000672c0000 - 0x00000000672d6000 	C:\Program Files\Java\jre1.8.0_161\bin\zip.dll
0x00007ffd27740000 - 0x00007ffd28b76000 	C:\windows\System32\SHELL32.dll
0x00007ffd27490000 - 0x00007ffd27536000 	C:\windows\System32\shcore.dll
0x00007ffd26530000 - 0x00007ffd26c77000 	C:\windows\System32\windows.storage.dll
0x00007ffd28dd0000 - 0x00007ffd28e21000 	C:\windows\System32\shlwapi.dll
0x00007ffd26260000 - 0x00007ffd26271000 	C:\windows\System32\kernel.appcore.dll
0x00007ffd26210000 - 0x00007ffd2625c000 	C:\windows\System32\powrprof.dll
0x00007ffd26280000 - 0x00007ffd2629b000 	C:\windows\System32\profapi.dll
0x00000000672a0000 - 0x00000000672ba000 	C:\Program Files\Java\jre1.8.0_161\bin\net.dll
0x00007ffd25750000 - 0x00007ffd257b6000 	C:\windows\system32\mswsock.dll
0x00007ffd02e10000 - 0x00007ffd02e26000 	C:\windows\system32\napinsp.dll
0x00007ffd02e30000 - 0x00007ffd02e4a000 	C:\windows\system32\pnrpnsp.dll
0x00007ffd23340000 - 0x00007ffd23358000 	C:\windows\system32\NLAapi.dll
0x00007ffd25520000 - 0x00007ffd255d6000 	C:\windows\SYSTEM32\DNSAPI.dll
0x00007ffd29e80000 - 0x00007ffd29e88000 	C:\windows\System32\NSI.dll
0x00007ffd254e0000 - 0x00007ffd25519000 	C:\windows\SYSTEM32\IPHLPAPI.DLL
0x00007ffd02eb0000 - 0x00007ffd02ebe000 	C:\windows\System32\winrnr.dll
0x0000000068160000 - 0x0000000068186000 	C:\Program Files\Bonjour\mdnsNSP.dll
0x00007ffd02f80000 - 0x00007ffd02f95000 	C:\windows\System32\wshbth.dll
0x00007ffd1d230000 - 0x00007ffd1d23a000 	C:\Windows\System32\rasadhlp.dll
0x00007ffd21930000 - 0x00007ffd219a0000 	C:\windows\System32\fwpuclnt.dll
0x00007ffd25cd0000 - 0x00007ffd25cf5000 	C:\windows\SYSTEM32\bcrypt.dll
0x00007ffd25f40000 - 0x00007ffd25f57000 	C:\windows\SYSTEM32\CRYPTSP.dll
0x00007ffd25350000 - 0x00007ffd25383000 	C:\windows\system32\rsaenh.dll
0x00007ffd26140000 - 0x00007ffd26169000 	C:\windows\SYSTEM32\USERENV.dll
0x00007ffd25910000 - 0x00007ffd2591b000 	C:\windows\SYSTEM32\CRYPTBASE.dll
0x00007ffd21630000 - 0x00007ffd21646000 	C:\windows\SYSTEM32\dhcpcsvc6.DLL
0x00007ffd21490000 - 0x00007ffd214aa000 	C:\windows\SYSTEM32\dhcpcsvc.DLL
0x0000000067280000 - 0x0000000067291000 	C:\Program Files\Java\jre1.8.0_161\bin\nio.dll
0x0000000067250000 - 0x0000000067274000 	C:\Program Files\Java\jre1.8.0_161\bin\sunec.dll
0x0000000066d60000 - 0x0000000066d6b000 	C:\Program Files\Java\jre1.8.0_161\bin\sunmscapi.dll
0x00007ffd26360000 - 0x00007ffd2652e000 	C:\windows\System32\CRYPT32.dll
0x00007ffd262a0000 - 0x00007ffd262b2000 	C:\windows\System32\MSASN1.dll
0x0000000066d40000 - 0x0000000066d59000 	C:\Program Files\Java\jre1.8.0_161\bin\sqljdbc_auth.dll
0x00007ffd23f80000 - 0x00007ffd23f8c000 	C:\windows\system32\secur32.dll
0x00007ffd26110000 - 0x00007ffd26140000 	C:\windows\SYSTEM32\SSPICLI.DLL
0x00007ffd25810000 - 0x00007ffd25904000 	C:\windows\system32\kerberos.DLL
0x00007ffd256e0000 - 0x00007ffd2574b000 	C:\windows\system32\msv1_0.DLL
0x00007ffd256d0000 - 0x00007ffd256dd000 	C:\windows\SYSTEM32\NtlmShared.dll
0x00007ffd257c0000 - 0x00007ffd257d4000 	C:\windows\SYSTEM32\cryptdll.dll
0x00007ffd1dc00000 - 0x00007ffd1dc28000 	C:\windows\system32\ntdsapi.dll
0x00007ffd1ef90000 - 0x00007ffd1ef9d000 	C:\windows\SYSTEM32\DSPARSE.DLL
0x00007ffd25d00000 - 0x00007ffd25ec8000 	C:\windows\SYSTEM32\dbghelp.dll

VM Arguments:
jvm_args: -Dfile.encoding=Cp1252 
java_command: Main
java_class_path (initial): C:\Program Files\Java\jre1.8.0_161\lib\resources.jar;C:\Program Files\Java\jre1.8.0_161\lib\rt.jar;C:\Program Files\Java\jre1.8.0_161\lib\jsse.jar;C:\Program Files\Java\jre1.8.0_161\lib\jce.jar;C:\Program Files\Java\jre1.8.0_161\lib\charsets.jar;C:\Program Files\Java\jre1.8.0_161\lib\jfr.jar;C:\Program Files\Java\jre1.8.0_161\lib\ext\access-bridge-64.jar;C:\Program Files\Java\jre1.8.0_161\lib\ext\cldrdata.jar;C:\Program Files\Java\jre1.8.0_161\lib\ext\dnsns.jar;C:\Program Files\Java\jre1.8.0_161\lib\ext\jaccess.jar;C:\Program Files\Java\jre1.8.0_161\lib\ext\jfxrt.jar;C:\Program Files\Java\jre1.8.0_161\lib\ext\localedata.jar;C:\Program Files\Java\jre1.8.0_161\lib\ext\nashorn.jar;C:\Program Files\Java\jre1.8.0_161\lib\ext\sunec.jar;C:\Program Files\Java\jre1.8.0_161\lib\ext\sunjce_provider.jar;C:\Program Files\Java\jre1.8.0_161\lib\ext\sunmscapi.jar;C:\Program Files\Java\jre1.8.0_161\lib\ext\sunpkcs11.jar;C:\Program Files\Java\jre1.8.0_161\lib\ext\zipfs.jar;C:\Users\agarwaa\Documents\GitHub\CSSE333Project\bin;C:\Users\agarwaa\Desktop\CSSE333-ConnectivityLab-master-1c1db2861ca66d8b031e477e96e06c30a67c6188\mssql-jdbc-6.2.2.jre8.jar
Launcher Type: SUN_STANDARD

Environment Variables:
PATH=C:/Program Files/Java/jre1.8.0_161/bin/server;C:/Program Files/Java/jre1.8.0_161/bin;C:/Program Files/Java/jre1.8.0_161/lib/amd64;C:\Program Files (x86)\Chez Scheme Version 8.4\bin\a6nt;C:\Python36\Scripts\;C:\Python36\;C:\ProgramData\Oracle\Java\javapath;C:\Program Files\VanDyke Software\Clients\;C:\windows\system32;C:\windows;C:\windows\System32\Wbem;C:\windows\System32\WindowsPowerShell\v1.0\;C:\Program Files\TortoiseSVN\bin;C:\MinGW\bin;C:\Program Files\Microsoft SQL Server\Client SDK\ODBC\110\Tools\Binn\;C:\Program Files (x86)\Microsoft SQL Server\120\Tools\Binn\;C:\Program Files\Microsoft SQL Server\120\Tools\Binn\;C:\Program Files\Microsoft SQL Server\120\DTS\Binn\;C:\Program Files (x86)\Windows Kits\8.1\Windows Performance Toolkit\;C:\Program Files\Intel\WiFi\bin\;C:\Program Files\Common Files\Intel\WirelessCommon\;C:\Program Files (x86)\Microsoft SQL Server\Client SDK\ODBC\130\Tools\Binn\;C:\Program Files (x86)\Microsoft SQL Server\140\Tools\Binn\;C:\Program Files (x86)\Microsoft SQL Server\140\DTS\Binn\;C:\Program Files (x86)\Microsoft SQL Server\140\Tools\Binn\ManagementStudio\;C:\Users\agarwaa\AppData\Local\Microsoft\WindowsApps;C:\Users\agarwaa\AppData\Local\GitHubDesktop\bin;C:\windows\System32;
USERNAME=agarwaa
OS=Windows_NT
PROCESSOR_IDENTIFIER=Intel64 Family 6 Model 60 Stepping 3, GenuineIntel



---------------  S Y S T E M  ---------------

OS: Windows 10.0 , 64 bit Build 16299 (10.0.16299.15)

CPU:total 8 (initial active 8) (4 cores per cpu, 2 threads per core) family 6 model 60 stepping 3, cmov, cx8, fxsr, mmx, sse, sse2, sse3, ssse3, sse4.1, sse4.2, popcnt, avx, avx2, aes, clmul, erms, lzcnt, ht, tsc, tscinvbit, bmi1, bmi2

Memory: 4k page, physical 8005128k(2081872k free), swap 13772296k(4662020k free)

vm_info: Java HotSpot(TM) 64-Bit Server VM (25.161-b12) for windows-amd64 JRE (1.8.0_161-b12), built on Dec 19 2017 17:52:25 by "java_re" with MS VC++ 10.0 (VS2010)

time: Thu Apr 26 19:40:17 2018
elapsed time: 1 seconds (0d 0h 0m 1s)

